velioo-online_store/Android project/CompMaxv3/build/intermediates/proguard-rules/release/aapt_rules.txt
# view AndroidManifest.xml #generated:12
-keep class compmax.app.MainActivity { <init>(...); }